2022-06-30 19:02:55 error: [GET] /hello >> StatusCode:: 500, Message:: Cannot set headers after they are sent to the client
2022-06-30 21:18:16 error: uncaughtException: тип Unable to compile TypeScript:
[96msrc/utils/encryption.ts[0m:[93m75[0m:[93m18[0m - [91merror[0m[90m TS1109: [0mExpression expected.

[7m75[0m  defaultDecrypt: : (req: Request, res: Response, next: NextFunction) => {
[7m  [0m [91m                 ~[0m
[96msrc/utils/encryption.ts[0m:[93m75[0m:[93m20[0m - [91merror[0m[90m TS1136: [0mProperty assignment expected.

[7m75[0m  defaultDecrypt: : (req: Request, res: Response, next: NextFunction) => {
[7m  [0m [91m                   ~[0m
[96msrc/utils/encryption.ts[0m:[93m75[0m:[93m24[0m - [91merror[0m[90m TS1005: [0m',' expected.

[7m75[0m  defaultDecrypt: : (req: Request, res: Response, next: NextFunction) => {
[7m  [0m [91m                       ~[0m
[96msrc/utils/encryption.ts[0m:[93m75[0m:[93m38[0m - [91merror[0m[90m TS1005: [0m',' expected.

[7m75[0m  defaultDecrypt: : (req: Request, res: Response, next: NextFunction) => {
[7m  [0m [91m                                     ~[0m
[96msrc/utils/encryption.ts[0m:[93m75[0m:[93m54[0m - [91merror[0m[90m TS1005: [0m',' expected.

[7m75[0m  defaultDecrypt: : (req: Request, res: Response, next: NextFunction) => {
[7m  [0m [91m                                                     ~[0m
[96msrc/utils/encryption.ts[0m:[93m75[0m:[93m70[0m - [91merror[0m[90m TS1005: [0m';' expected.

[7m75[0m  defaultDecrypt: : (req: Request, res: Response, next: NextFunction) => {
[7m  [0m [91m                                                                     ~~[0m
[96msrc/utils/encryption.ts[0m:[93m85[0m:[93m1[0m - [91merror[0m[90m TS1128: [0mDeclaration or statement expected.

[7m85[0m };
[7m  [0m [91m~[0m

TSError: тип Unable to compile TypeScript:
[96msrc/utils/encryption.ts[0m:[93m75[0m:[93m18[0m - [91merror[0m[90m TS1109: [0mExpression expected.

[7m75[0m  defaultDecrypt: : (req: Request, res: Response, next: NextFunction) => {
[7m  [0m [91m                 ~[0m
[96msrc/utils/encryption.ts[0m:[93m75[0m:[93m20[0m - [91merror[0m[90m TS1136: [0mProperty assignment expected.

[7m75[0m  defaultDecrypt: : (req: Request, res: Response, next: NextFunction) => {
[7m  [0m [91m                   ~[0m
[96msrc/utils/encryption.ts[0m:[93m75[0m:[93m24[0m - [91merror[0m[90m TS1005: [0m',' expected.

[7m75[0m  defaultDecrypt: : (req: Request, res: Response, next: NextFunction) => {
[7m  [0m [91m                       ~[0m
[96msrc/utils/encryption.ts[0m:[93m75[0m:[93m38[0m - [91merror[0m[90m TS1005: [0m',' expected.

[7m75[0m  defaultDecrypt: : (req: Request, res: Response, next: NextFunction) => {
[7m  [0m [91m                                     ~[0m
[96msrc/utils/encryption.ts[0m:[93m75[0m:[93m54[0m - [91merror[0m[90m TS1005: [0m',' expected.

[7m75[0m  defaultDecrypt: : (req: Request, res: Response, next: NextFunction) => {
[7m  [0m [91m                                                     ~[0m
[96msrc/utils/encryption.ts[0m:[93m75[0m:[93m70[0m - [91merror[0m[90m TS1005: [0m';' expected.

[7m75[0m  defaultDecrypt: : (req: Request, res: Response, next: NextFunction) => {
[7m  [0m [91m                                                                     ~~[0m
[96msrc/utils/encryption.ts[0m:[93m85[0m:[93m1[0m - [91merror[0m[90m TS1128: [0mDeclaration or statement expected.

[7m85[0m };
[7m  [0m [91m~[0m

    at createTSError (/Users/mac/Documents/GitHub/node_ts_boilerplate/node_ts/node_modules/ts-node/src/index.ts:843:12)
    at reportTSError (/Users/mac/Documents/GitHub/node_ts_boilerplate/node_ts/node_modules/ts-node/src/index.ts:847:19)
    at /Users/mac/Documents/GitHub/node_ts_boilerplate/node_ts/node_modules/ts-node/src/index.ts:1357:34
    at Object.compile (/Users/mac/Documents/GitHub/node_ts_boilerplate/node_ts/node_modules/ts-node/src/index.ts:1436:13)
    at Module.m._compile (/Users/mac/Documents/GitHub/node_ts_boilerplate/node_ts/node_modules/ts-node/src/index.ts:1596:30)
    at Module._extensions..js (internal/modules/cjs/loader.js:1027:10)
    at Object.require.extensions.<computed> [as .ts] (/Users/mac/Documents/GitHub/node_ts_boilerplate/node_ts/node_modules/ts-node/src/index.ts:1600:12)
    at Module.load (internal/modules/cjs/loader.js:863:32)
    at Function.Module._load (internal/modules/cjs/loader.js:708:14)
    at Module.require (internal/modules/cjs/loader.js:887:19)
